<?xml version="1.0" encoding="UTF-8"?>
<testsuite xmlns:xsi="http://www.w3.org/2001/XMLSchema-instance" xsi:noNamespaceSchemaLocation="https://maven.apache.org/surefire/maven-surefire-plugin/xsd/surefire-test-report.xsd" name="eu.fincon.biproadapter.provider.norm426.customertemplate.application.TemplateApplicationTest" time="2.454" tests="1" errors="0" skipped="0" failures="0">
  <properties>
[...]
</properties>
  <testcase name="contextLoads" classname="eu.fincon.biproadapter.provider.norm426.customertemplate.application.TemplateApplicationTest" time="0.004"/>
</testsuite>